<?xml version="1.0" encoding="UTF-8"?>
<testsuite xmlns:xsi="http://www.w3.org/2001/XMLSchema-instance" xsi:noNamespaceSchemaLocation="https://maven.apache.org/surefire/maven-surefire-plugin/xsd/surefire-test-report-3.0.xsd" version="3.0" name="com.accounting.sistemacontador.UserDAOTest" time="0.223" tests="2" errors="0" skipped="0" failures="0">
  <properties>
[...]
</properties>
  <testcase name="testEmailNotExists" classname="com.accounting.sistemacontador.UserDAOTest" time="0.156"/>
  <testcase name="testEmailExists" classname="com.accounting.sistemacontador.UserDAOTest" time="0.052"/>
</testsuite>